{
  "RSpec": {
    "coverage": {
      "/home/reliable-domain-3862/tic-tac-toe-rb-ruby-apply-000/lib/tic_tac_toe.rb": [
        null,
        1,
        null,
        null,
        null,
        null,
        null,
        null,
        null,
        null,
        null,
        null,
        null,
        null,
        1,
        38,
        38,
        38,
        38,
        38,
        null,
        1,
        24,
        null,
        1,
        24,
        null,
        null,
        null,
        1,
        23,
        null,
        null,
        1,
        78,
        66,
        null,
        12,
        null,
        null,
        null,
        null,
        null,
        1,
        21,
        21,
        21,
        null,
        21,
        20,
        null,
        1,
        null,
        null,
        21,
        null,
        null,
        null,
        1,
        null,
        22,
        22,
        null,
        198,
        32,
        null,
        null,
        22,
        null,
        null,
        1,
        21,
        14,
        null,
        7,
        null,
        null,
        null,
        1,
        29,
        203,
        null,
        null,
        null,
        null,
        1,
        31,
        136,
        112,
        null,
        24,
        null,
        null,
        null,
        null,
        null,
        1,
        18,
        null,
        null,
        1,
        22,
        10,
        null,
        null,
        null,
        null,
        1,
        3,
        3,
        2,
        null,
        null,
        null,
        null,
        1,
        null,
        null,
        null,
        null,
        12,
        18,
        null,
        null,
        null,
        null,
        null,
        null,
        12,
        null
      ]
    },
    "timestamp": 1591204795
  }
}
